<?xml version="1.0" encoding="UTF-8"?>
<testng-results skipped="0" failed="0" ignored="0" total="1" passed="1">
  <reporter-output>
  </reporter-output>
  <suite name="Default suite" duration-ms="5882" started-at="2017-03-14T01:31:02Z" finished-at="2017-03-14T01:31:07Z">
    <groups>
    </groups>
    <test name="Default test" duration-ms="5882" started-at="2017-03-14T01:31:02Z" finished-at="2017-03-14T01:31:07Z">
      <class name="com.toshCode.NewTest">
        <test-method status="PASS" signature="f()[pri:0, instance:com.toshCode.NewTest@6f7fd0e6]" name="f" duration-ms="5868" started-at="2017-03-13T18:31:02Z" finished-at="2017-03-13T18:31:07Z">
          <reporter-output>
          </reporter-output>
        </test-method> <!-- f -->
      </class> <!-- com.toshCode.NewTest -->
    </test> <!-- Default test -->
  </suite> <!-- Default suite -->
</testng-results>
